[2021-04-07 10:41:17,099] [INFO]: ----开始执行测试----
[2021-04-07 10:41:21,210] [INFO]: 创建chrome浏览器
[2021-04-07 10:41:22,360] [INFO]: 打开http://168.61.114.19:8888/login/
[2021-04-07 10:41:22,972] [INFO]: -----正在开始登陆数据中台-----
[2021-04-07 10:41:22,972] [INFO]: 在('xpath', "//input[@type='text']")元素上输入K1081222
[2021-04-07 10:41:23,510] [INFO]: 在('xpath', "//input[@type='password']")元素上输入ht123456
[2021-04-07 10:41:23,811] [INFO]: 点击('xpath', "//button[@type='button']")元素
[2021-04-07 10:41:24,025] [INFO]: 
[2021-04-07 10:41:27,301] [INFO]: ----正在前往数据资产首页-----
[2021-04-07 10:41:27,303] [INFO]: 点击('xpath', "//a[@href='#/damp/index'][text()='数据资产']")元素
[2021-04-07 10:41:27,998] [INFO]: ---进入数据资产二级页面-----
[2021-04-07 10:41:27,998] [INFO]: 点击('xpath', "//span[@class='damp-input-group-addon']/button")元素
[2021-04-07 10:41:31,076] [INFO]: ---搜索数据表---
[2021-04-07 10:41:31,077] [INFO]: 点击('xpath', "//div[@class='index_list_header__3Scjx']/div/a")元素
[2021-04-07 10:41:32,311] [INFO]: 在('xpath', "//div[@class='index_search_input__hysZn']//input")元素上输入damp_data_asset
[2021-04-07 10:41:34,192] [INFO]: 点击('xpath', "//div[@id='search_input']//button")元素
[2021-04-07 10:41:39,382] [INFO]: ---查看表详情---
[2021-04-07 10:41:39,382] [INFO]: 点击('xpath', "//div[@class='damp-table-body']//td/a")元素
[2021-04-07 10:41:49,588] [INFO]: 切换页签
[2021-04-07 10:41:49,614] [INFO]: ---前往数据源登记页面---
[2021-04-07 10:41:49,616] [INFO]: 点击('xpath', "//div[@class='damp-menu-submenu-title']//span[text()='数据源管理']")元素
[2021-04-07 10:41:59,840] [INFO]: 点击('xpath', "//a[@href='#/damp/thirdpage/registerData']")元素
[2021-04-07 10:42:00,381] [INFO]: 点击('xpath', "//div[@class='damp-table-body']//tr[1]/td/div/a[1]")元素
[2021-04-07 10:42:27,270] [INFO]: 点击('xpath', "//ul/li/a[text()='工作台']")元素
[2021-04-07 10:42:50,679] [INFO]: ----结束测试-----
