[2021-04-02 09:04:38,579] [INFO]: ----开始执行测试----
[2021-04-02 09:04:48,322] [INFO]: 创建chrome浏览器
[2021-04-02 09:04:49,734] [INFO]: 打开http://168.61.114.19:8888/login/
[2021-04-02 09:04:50,933] [INFO]: -----正在开始登陆数据中台-----
[2021-04-02 09:04:50,934] [INFO]: 在('xpath', "//input[@type='text']")元素上输入K1081222
[2021-04-02 09:04:52,236] [INFO]: 在('xpath', "//input[@type='password']")元素上输入ht123456
[2021-04-02 09:04:53,044] [INFO]: 点击('xpath', "//button[@type='button']")元素
[2021-04-02 09:05:01,950] [INFO]: 
[2021-04-02 09:05:04,039] [INFO]: ----正在前往数据资产首页-----
[2021-04-02 09:05:04,040] [INFO]: 点击('xpath', "//a[@href='#/damp/index'][text()='数据资产']")元素
[2021-04-02 09:05:04,859] [INFO]: ---进入数据资产二级页面-----
[2021-04-02 09:05:04,860] [INFO]: 点击('xpath', "//span[@class='damp-input-group-addon']/button")元素
[2021-04-02 09:05:10,696] [INFO]: ---搜索数据表---
[2021-04-02 09:05:10,696] [INFO]: 点击('xpath', "//div[@class='index_list_header__3Scjx']/div/a")元素
[2021-04-02 09:05:14,400] [INFO]: 在('xpath', "//div[@class='index_search_input__hysZn']//input")元素上输入damp_data_asset
[2021-04-02 09:05:18,549] [INFO]: 点击('xpath', "//div[@id='search_input']//button")元素
[2021-04-02 09:05:18,799] [INFO]: ---查看表详情---
[2021-04-02 09:05:18,801] [INFO]: 点击('xpath', "//div[@class='damp-table-body']//td/a")元素
[2021-04-02 09:05:19,609] [INFO]: ---前往数据源登记页面---
[2021-04-02 09:05:19,609] [INFO]: 点击('xpath', "//div[@class='damp-menu-submenu-title']//span[text()='数据源管理']")元素
[2021-04-02 09:05:54,522] [INFO]: ----结束测试-----
[2021-04-02 09:14:15,919] [INFO]: ----开始执行测试----
[2021-04-02 09:14:24,885] [INFO]: 创建chrome浏览器
[2021-04-02 09:14:26,354] [INFO]: 打开http://168.61.114.19:8888/login/
[2021-04-02 09:14:27,495] [INFO]: -----正在开始登陆数据中台-----
[2021-04-02 09:14:27,496] [INFO]: 在('xpath', "//input[@type='text']")元素上输入K1081222
[2021-04-02 09:14:28,666] [INFO]: 在('xpath', "//input[@type='password']")元素上输入ht123456
[2021-04-02 09:14:29,286] [INFO]: 点击('xpath', "//button[@type='button']")元素
[2021-04-02 09:14:29,610] [INFO]: 
[2021-04-02 09:14:34,380] [INFO]: ----正在前往数据资产首页-----
[2021-04-02 09:14:34,380] [INFO]: 点击('xpath', "//a[@href='#/damp/index'][text()='数据资产']")元素
[2021-04-02 09:14:37,380] [INFO]: ---进入数据资产二级页面-----
[2021-04-02 09:14:37,381] [INFO]: 点击('xpath', "//span[@class='damp-input-group-addon']/button")元素
[2021-04-02 09:14:43,672] [INFO]: ---搜索数据表---
[2021-04-02 09:14:43,672] [INFO]: 点击('xpath', "//div[@class='index_list_header__3Scjx']/div/a")元素
[2021-04-02 09:14:46,725] [INFO]: 在('xpath', "//div[@class='index_search_input__hysZn']//input")元素上输入damp_data_asset
[2021-04-02 09:14:50,647] [INFO]: 点击('xpath', "//div[@id='search_input']//button")元素
[2021-04-02 09:14:50,942] [INFO]: ---查看表详情---
[2021-04-02 09:14:50,942] [INFO]: 点击('xpath', "//div[@class='damp-table-body']//td/a")元素
[2021-04-02 09:14:51,711] [INFO]: 切换页签
[2021-04-02 09:14:52,110] [INFO]: ---前往数据源登记页面---
[2021-04-02 09:14:52,110] [INFO]: 点击('xpath', "//div[@class='damp-menu-submenu-title']//span[text()='数据源管理']")元素
[2021-04-02 09:15:26,855] [INFO]: ----结束测试-----
[2021-04-02 09:15:56,611] [INFO]: ----开始执行测试----
[2021-04-02 09:16:02,589] [INFO]: 创建chrome浏览器
[2021-04-02 09:16:03,840] [INFO]: 打开http://168.61.114.19:8888/login/
[2021-04-02 09:16:05,005] [INFO]: -----正在开始登陆数据中台-----
[2021-04-02 09:16:05,005] [INFO]: 在('xpath', "//input[@type='text']")元素上输入K1081222
[2021-04-02 09:16:06,659] [INFO]: 在('xpath', "//input[@type='password']")元素上输入ht123456
[2021-04-02 09:16:07,443] [INFO]: 点击('xpath', "//button[@type='button']")元素
[2021-04-02 09:16:07,731] [INFO]: 
[2021-04-02 09:16:16,722] [INFO]: ----正在前往数据资产首页-----
[2021-04-02 09:16:16,723] [INFO]: 点击('xpath', "//a[@href='#/damp/index'][text()='数据资产']")元素
[2021-04-02 09:16:17,577] [INFO]: ---进入数据资产二级页面-----
[2021-04-02 09:16:17,577] [INFO]: 点击('xpath', "//span[@class='damp-input-group-addon']/button")元素
[2021-04-02 09:16:23,229] [INFO]: ---搜索数据表---
[2021-04-02 09:16:23,229] [INFO]: 点击('xpath', "//div[@class='index_list_header__3Scjx']/div/a")元素
[2021-04-02 09:16:25,476] [INFO]: 在('xpath', "//div[@class='index_search_input__hysZn']//input")元素上输入damp_data_asset
[2021-04-02 09:16:29,804] [INFO]: 点击('xpath', "//div[@id='search_input']//button")元素
[2021-04-02 09:16:30,144] [INFO]: ---查看表详情---
[2021-04-02 09:16:30,145] [INFO]: 点击('xpath', "//div[@class='damp-table-body']//td/a")元素
[2021-04-02 09:16:31,131] [INFO]: 切换页签
[2021-04-02 09:16:31,441] [INFO]: ---前往数据源登记页面---
[2021-04-02 09:16:31,441] [INFO]: 点击('xpath', "//div[@class='damp-menu-submenu-title']//span[text()='数据源管理']")元素
[2021-04-02 09:16:49,648] [INFO]: 点击('xpath', "//a[@href='#/damp/thirdpage/registerData']")元素
[2021-04-02 09:17:06,806] [INFO]: ----结束测试-----
[2021-04-02 09:17:18,192] [INFO]: ----开始执行测试----
[2021-04-02 09:17:24,018] [INFO]: 创建chrome浏览器
[2021-04-02 09:17:25,263] [INFO]: 打开http://168.61.114.19:8888/login/
[2021-04-02 09:17:26,348] [INFO]: -----正在开始登陆数据中台-----
[2021-04-02 09:17:26,348] [INFO]: 在('xpath', "//input[@type='text']")元素上输入K1081222
[2021-04-02 09:17:27,399] [INFO]: 在('xpath', "//input[@type='password']")元素上输入ht123456
[2021-04-02 09:17:27,695] [INFO]: 点击('xpath', "//button[@type='button']")元素
[2021-04-02 09:17:28,065] [INFO]: 
[2021-04-02 09:17:36,149] [INFO]: ----正在前往数据资产首页-----
[2021-04-02 09:17:36,149] [INFO]: 点击('xpath', "//a[@href='#/damp/index'][text()='数据资产']")元素
[2021-04-02 09:17:37,057] [INFO]: ---进入数据资产二级页面-----
[2021-04-02 09:17:37,058] [INFO]: 点击('xpath', "//span[@class='damp-input-group-addon']/button")元素
[2021-04-02 09:17:43,023] [INFO]: ---搜索数据表---
[2021-04-02 09:17:43,023] [INFO]: 点击('xpath', "//div[@class='index_list_header__3Scjx']/div/a")元素
[2021-04-02 09:17:45,869] [INFO]: 在('xpath', "//div[@class='index_search_input__hysZn']//input")元素上输入damp_data_asset
[2021-04-02 09:17:55,915] [INFO]: 点击('xpath', "//div[@id='search_input']//button")元素
[2021-04-02 09:17:56,155] [INFO]: ---查看表详情---
[2021-04-02 09:17:56,156] [INFO]: 点击('xpath', "//div[@class='damp-table-body']//td/a")元素
[2021-04-02 09:17:57,067] [INFO]: 切换页签
[2021-04-02 09:17:57,430] [INFO]: ---前往数据源登记页面---
[2021-04-02 09:17:57,431] [INFO]: 点击('xpath', "//div[@class='damp-menu-submenu-title']//span[text()='数据源管理']")元素
[2021-04-02 09:18:09,679] [INFO]: 点击('xpath', "//a[@href='#/damp/thirdpage/registerData']")元素
[2021-04-02 09:18:42,167] [INFO]: ----结束测试-----
[2021-04-02 09:18:58,066] [INFO]: ----开始执行测试----
[2021-04-02 09:19:03,921] [INFO]: 创建chrome浏览器
[2021-04-02 09:19:05,251] [INFO]: 打开http://168.61.114.19:8888/login/
[2021-04-02 09:19:06,829] [INFO]: -----正在开始登陆数据中台-----
[2021-04-02 09:19:06,830] [INFO]: 在('xpath', "//input[@type='text']")元素上输入K1081222
[2021-04-02 09:19:08,100] [INFO]: 在('xpath', "//input[@type='password']")元素上输入ht123456
[2021-04-02 09:19:08,766] [INFO]: 点击('xpath', "//button[@type='button']")元素
[2021-04-02 09:19:09,077] [INFO]: 
[2021-04-02 09:19:15,542] [INFO]: ----正在前往数据资产首页-----
[2021-04-02 09:19:15,543] [INFO]: 点击('xpath', "//a[@href='#/damp/index'][text()='数据资产']")元素
[2021-04-02 09:19:16,589] [INFO]: ---进入数据资产二级页面-----
[2021-04-02 09:19:16,590] [INFO]: 点击('xpath', "//span[@class='damp-input-group-addon']/button")元素
[2021-04-02 09:19:23,244] [INFO]: ---搜索数据表---
[2021-04-02 09:19:23,245] [INFO]: 点击('xpath', "//div[@class='index_list_header__3Scjx']/div/a")元素
[2021-04-02 09:19:25,915] [INFO]: 在('xpath', "//div[@class='index_search_input__hysZn']//input")元素上输入damp_data_asset
[2021-04-02 09:19:29,676] [INFO]: 点击('xpath', "//div[@id='search_input']//button")元素
[2021-04-02 09:19:29,967] [INFO]: ---查看表详情---
[2021-04-02 09:19:29,967] [INFO]: 点击('xpath', "//div[@class='damp-table-body']//td/a")元素
[2021-04-02 09:19:41,426] [INFO]: 切换页签
[2021-04-02 09:19:41,551] [INFO]: ---前往数据源登记页面---
[2021-04-02 09:19:41,551] [INFO]: 点击('xpath', "//div[@class='damp-menu-submenu-title']//span[text()='数据源管理']")元素
[2021-04-02 09:19:51,981] [INFO]: 点击('xpath', "//a[@href='#/damp/thirdpage/registerData']")元素
[2021-04-02 09:20:09,299] [INFO]: ----结束测试-----
[2021-04-02 09:31:26,016] [INFO]: ----开始执行测试----
[2021-04-02 09:31:36,016] [INFO]: 创建chrome浏览器
[2021-04-02 09:31:37,517] [INFO]: 打开http://168.61.114.19:8888/login/
[2021-04-02 09:31:38,575] [INFO]: -----正在开始登陆数据中台-----
[2021-04-02 09:31:38,575] [INFO]: 在('xpath', "//input[@type='text']")元素上输入K1081222
[2021-04-02 09:31:41,156] [INFO]: 在('xpath', "//input[@type='password']")元素上输入ht123456
[2021-04-02 09:31:42,562] [INFO]: 点击('xpath', "//button[@type='button']")元素
[2021-04-02 09:31:43,023] [INFO]: 
[2021-04-02 09:31:53,566] [INFO]: ----正在前往数据资产首页-----
[2021-04-02 09:31:53,567] [INFO]: 点击('xpath', "//a[@href='#/damp/index'][text()='数据资产']")元素
[2021-04-02 09:31:54,647] [INFO]: ---进入数据资产二级页面-----
[2021-04-02 09:31:54,647] [INFO]: 点击('xpath', "//span[@class='damp-input-group-addon']/button")元素
[2021-04-02 09:32:00,942] [INFO]: ---搜索数据表---
[2021-04-02 09:32:00,942] [INFO]: 点击('xpath', "//div[@class='index_list_header__3Scjx']/div/a")元素
[2021-04-02 09:32:04,150] [INFO]: 在('xpath', "//div[@class='index_search_input__hysZn']//input")元素上输入damp_data_asset
[2021-04-02 09:32:08,543] [INFO]: 点击('xpath', "//div[@id='search_input']//button")元素
[2021-04-02 09:32:08,800] [INFO]: ---查看表详情---
[2021-04-02 09:32:08,800] [INFO]: 点击('xpath', "//div[@class='damp-table-body']//td/a")元素
[2021-04-02 09:32:19,820] [INFO]: 切换页签
[2021-04-02 09:32:19,954] [INFO]: ---前往数据源登记页面---
[2021-04-02 09:32:19,955] [INFO]: 点击('xpath', "//div[@class='damp-menu-submenu-title']//span[text()='数据源管理']")元素
[2021-04-02 09:32:30,773] [INFO]: 点击('xpath', "//a[@href='#/damp/thirdpage/registerData']")元素
[2021-04-02 09:32:47,149] [INFO]: ----结束测试-----
[2021-04-02 17:40:12,785] [INFO]: ----开始执行测试----
[2021-04-02 17:40:48,504] [INFO]: ----开始执行测试----
[2021-04-02 17:40:58,322] [INFO]: 创建chrome浏览器
[2021-04-02 17:42:14,473] [INFO]: ----开始执行测试----
[2021-04-02 17:42:21,992] [INFO]: 创建chrome浏览器
[2021-04-02 17:42:23,352] [INFO]: 打开http://168.61.114.19:8888/login/
[2021-04-02 17:42:24,952] [INFO]: -----正在开始登陆数据中台-----
[2021-04-02 17:42:24,953] [INFO]: 在('xpath', "//input[@type='text']")元素上输入K1081222
[2021-04-02 17:42:26,032] [INFO]: 在('xpath', "//input[@type='password']")元素上输入ht123456
[2021-04-02 17:42:26,524] [INFO]: 点击('xpath', "//button[@type='button']")元素
[2021-04-02 17:42:26,768] [INFO]: 
[2021-04-02 17:42:31,625] [INFO]: ----正在前往数据资产首页-----
[2021-04-02 17:42:31,626] [INFO]: 点击('xpath', "//a[@href='#/damp/index'][text()='数据资产']")元素
[2021-04-02 17:42:33,742] [INFO]: ---进入数据资产二级页面-----
[2021-04-02 17:42:33,742] [INFO]: 点击('xpath', "//span[@class='damp-input-group-addon']/button")元素
[2021-04-02 17:42:39,421] [INFO]: ---搜索数据表---
[2021-04-02 17:42:39,422] [INFO]: 点击('xpath', "//div[@class='index_list_header__3Scjx']/div/a")元素
[2021-04-02 17:42:41,519] [INFO]: 在('xpath', "//div[@class='index_search_input__hysZn']//input")元素上输入damp_data_asset
[2021-04-02 17:42:45,363] [INFO]: 点击('xpath', "//div[@id='search_input']//button")元素
[2021-04-02 17:42:45,665] [INFO]: ---查看表详情---
[2021-04-02 17:42:45,665] [INFO]: 点击('xpath', "//div[@class='damp-table-body']//td/a")元素
[2021-04-02 17:42:56,578] [INFO]: 切换页签
[2021-04-02 17:42:56,719] [INFO]: ---前往数据源登记页面---
[2021-04-02 17:42:56,719] [INFO]: 点击('xpath', "//div[@class='damp-menu-submenu-title']//span[text()='数据源管理']")元素
[2021-04-02 17:43:07,569] [INFO]: 点击('xpath', "//a[@href='#/damp/thirdpage/registerData']")元素
[2021-04-02 17:43:08,855] [INFO]: 点击('xpath', "//div[@class='damp-table-body']//tr[1]/td/div/a[1]")元素
[2021-04-02 17:43:34,570] [INFO]: ----结束测试-----
