[2021-03-31 10:32:20,439] [INFO] [C:\Users\k0321373\Desktop\github\uidemo\util\logger.py : info:45 , ----开始执行测试----
[2021-03-31 10:32:29,018] [INFO] [C:\Users\k0321373\Desktop\github\uidemo\util\logger.py : info:45 , 创建chrome浏览器
[2021-03-31 10:32:30,360] [INFO] [C:\Users\k0321373\Desktop\github\uidemo\util\logger.py : info:45 , 打开http://168.61.114.19:8888/login/
[2021-03-31 10:32:31,058] [INFO] [C:\Users\k0321373\Desktop\github\uidemo\util\logger.py : info:45 , 在('xpath', "//input[@type='text']")元素上输入K1081222
[2021-03-31 10:32:32,151] [INFO] [C:\Users\k0321373\Desktop\github\uidemo\util\logger.py : info:45 , 在('xpath', "//input[@type='password']")元素上输入ht123456
[2021-03-31 10:32:32,593] [INFO] [C:\Users\k0321373\Desktop\github\uidemo\util\logger.py : info:45 , 点击('xpath', "//button[@type='button']")元素
[2021-03-31 10:32:38,212] [INFO] [C:\Users\k0321373\Desktop\github\uidemo\util\logger.py : info:45 , 清除cookies
[2021-03-31 10:41:04,766] [INFO] [C:\Users\k0321373\Desktop\github\uidemo\util\logger.py : info:45 , ----开始执行测试----
[2021-03-31 10:41:13,064] [INFO] [C:\Users\k0321373\Desktop\github\uidemo\util\logger.py : info:45 , 创建chrome浏览器
[2021-03-31 10:41:14,266] [INFO] [C:\Users\k0321373\Desktop\github\uidemo\util\logger.py : info:45 , 打开http://168.61.114.19:8888/login/
[2021-03-31 10:41:15,057] [INFO] [C:\Users\k0321373\Desktop\github\uidemo\util\logger.py : info:45 , 在('xpath', "//input[@type='text']")元素上输入K1081222
[2021-03-31 10:41:16,215] [INFO] [C:\Users\k0321373\Desktop\github\uidemo\util\logger.py : info:45 , 在('xpath', "//input[@type='password']")元素上输入ht123456
[2021-03-31 10:41:16,638] [INFO] [C:\Users\k0321373\Desktop\github\uidemo\util\logger.py : info:45 , 点击('xpath', "//button[@type='button']")元素
[2021-03-31 10:41:23,437] [INFO] [C:\Users\k0321373\Desktop\github\uidemo\util\logger.py : info:45 , 清除cookies
[2021-03-31 10:41:27,510] [INFO] [C:\Users\k0321373\Desktop\github\uidemo\util\logger.py : info:45 , ----结束测试-----
[2021-03-31 16:32:32,309] [INFO] [C:\Users\k0321373\Desktop\github\uidemo\util\logger.py : info:45 , ----开始执行测试----
[2021-03-31 16:32:41,762] [INFO] [C:\Users\k0321373\Desktop\github\uidemo\util\logger.py : info:45 , 创建chrome浏览器
[2021-03-31 16:32:43,066] [INFO] [C:\Users\k0321373\Desktop\github\uidemo\util\logger.py : info:45 , 打开http://168.61.114.19:8888/login/
[2021-03-31 16:32:44,049] [INFO] [C:\Users\k0321373\Desktop\github\uidemo\util\logger.py : info:45 , 点击None元素
[2021-03-31 16:32:45,119] [INFO] [C:\Users\k0321373\Desktop\github\uidemo\util\logger.py : info:45 , 打开http://168.61.114.19:8888/login/
[2021-03-31 16:32:45,682] [INFO] [C:\Users\k0321373\Desktop\github\uidemo\util\logger.py : info:45 , 点击None元素
[2021-03-31 16:32:46,404] [INFO] [C:\Users\k0321373\Desktop\github\uidemo\util\logger.py : info:45 , 打开http://168.61.114.19:8888/login/
[2021-03-31 16:32:46,686] [INFO] [C:\Users\k0321373\Desktop\github\uidemo\util\logger.py : info:45 , 在('xpath', "//input[@type='text']")元素上输入K1081222
[2021-03-31 16:32:47,262] [INFO] [C:\Users\k0321373\Desktop\github\uidemo\util\logger.py : info:45 , 在('xpath', "//input[@type='password']")元素上输入ht123456
[2021-03-31 16:32:47,636] [INFO] [C:\Users\k0321373\Desktop\github\uidemo\util\logger.py : info:45 , 点击('xpath', "//button[@type='button']")元素
[2021-03-31 16:33:00,020] [INFO] [C:\Users\k0321373\Desktop\github\uidemo\util\logger.py : info:45 , ----结束测试-----
[2021-03-31 16:38:24,288] [INFO] [C:\Users\k0321373\Desktop\github\uidemo\util\logger.py : info:45 , ----开始执行测试----
[2021-03-31 16:38:30,097] [INFO] [C:\Users\k0321373\Desktop\github\uidemo\util\logger.py : info:45 , 创建chrome浏览器
[2021-03-31 16:38:31,587] [INFO] [C:\Users\k0321373\Desktop\github\uidemo\util\logger.py : info:45 , 打开http://168.61.114.19:8888/login/
[2021-03-31 16:38:32,808] [INFO] [C:\Users\k0321373\Desktop\github\uidemo\util\logger.py : info:45 , 点击None元素
[2021-03-31 16:38:33,912] [INFO] [C:\Users\k0321373\Desktop\github\uidemo\util\logger.py : info:45 , 点击None元素
[2021-03-31 16:38:34,730] [INFO] [C:\Users\k0321373\Desktop\github\uidemo\util\logger.py : info:45 , 在('xpath', "//input[@type='text']")元素上输入K1081222
[2021-03-31 16:38:35,276] [INFO] [C:\Users\k0321373\Desktop\github\uidemo\util\logger.py : info:45 , 在('xpath', "//input[@type='password']")元素上输入ht123456
[2021-03-31 16:38:35,683] [INFO] [C:\Users\k0321373\Desktop\github\uidemo\util\logger.py : info:45 , 点击('xpath', "//button[@type='button']")元素
[2021-03-31 16:38:46,103] [INFO] [C:\Users\k0321373\Desktop\github\uidemo\util\logger.py : info:45 , ----结束测试-----
[2021-03-31 16:58:43,750] [INFO] [C:\Users\k0321373\Desktop\github\uidemo\util\logger.py : info:45 , ----开始执行测试----
[2021-03-31 16:58:52,344] [INFO] [C:\Users\k0321373\Desktop\github\uidemo\util\logger.py : info:45 , 创建chrome浏览器
[2021-03-31 16:58:53,582] [INFO] [C:\Users\k0321373\Desktop\github\uidemo\util\logger.py : info:45 , 打开http://168.61.114.19:8888/login/
[2021-03-31 16:58:54,763] [INFO] [C:\Users\k0321373\Desktop\github\uidemo\util\logger.py : info:45 , 在('xpath', "//input[@type='text']")元素上输入K1081222
[2021-03-31 16:58:56,028] [INFO] [C:\Users\k0321373\Desktop\github\uidemo\util\logger.py : info:45 , 在('xpath', "//input[@type='password']")元素上输入ht123456
[2021-03-31 16:58:56,576] [INFO] [C:\Users\k0321373\Desktop\github\uidemo\util\logger.py : info:45 , 点击('xpath', "//button[@type='button']")元素
[2021-03-31 16:59:05,481] [INFO] [C:\Users\k0321373\Desktop\github\uidemo\util\logger.py : info:45 , 点击None元素
[2021-03-31 16:59:06,278] [INFO] [C:\Users\k0321373\Desktop\github\uidemo\util\logger.py : info:45 , 点击None元素
[2021-03-31 16:59:11,553] [INFO] [C:\Users\k0321373\Desktop\github\uidemo\util\logger.py : info:45 , ----结束测试-----
[2021-03-31 17:01:17,798] [INFO] [C:\Users\k0321373\Desktop\github\uidemo\util\logger.py : info:45 , ----开始执行测试----
[2021-03-31 17:01:22,847] [INFO] [C:\Users\k0321373\Desktop\github\uidemo\util\logger.py : info:45 , 创建chrome浏览器
[2021-03-31 17:01:24,081] [INFO] [C:\Users\k0321373\Desktop\github\uidemo\util\logger.py : info:45 , 打开http://168.61.114.19:8888/login/
[2021-03-31 17:01:25,031] [INFO] [C:\Users\k0321373\Desktop\github\uidemo\util\logger.py : info:45 , 在('xpath', "//input[@type='text']")元素上输入K1081222
[2021-03-31 17:01:25,843] [INFO] [C:\Users\k0321373\Desktop\github\uidemo\util\logger.py : info:45 , 在('xpath', "//input[@type='password']")元素上输入ht123456
[2021-03-31 17:01:26,194] [INFO] [C:\Users\k0321373\Desktop\github\uidemo\util\logger.py : info:45 , 点击('xpath', "//button[@type='button']")元素
[2021-03-31 17:01:32,107] [INFO] [C:\Users\k0321373\Desktop\github\uidemo\util\logger.py : info:45 , 点击('xpath', "//a[@href='#/damp/index'][text()='数据资产']")元素
[2021-03-31 17:01:36,624] [INFO] [C:\Users\k0321373\Desktop\github\uidemo\util\logger.py : info:45 , ----结束测试-----
[2021-03-31 17:02:34,990] [INFO] [C:\Users\k0321373\Desktop\github\uidemo\util\logger.py : info:45 , ----开始执行测试----
[2021-03-31 17:02:40,879] [INFO] [C:\Users\k0321373\Desktop\github\uidemo\util\logger.py : info:45 , 创建chrome浏览器
[2021-03-31 17:02:42,247] [INFO] [C:\Users\k0321373\Desktop\github\uidemo\util\logger.py : info:45 , 打开http://168.61.114.19:8888/login/
[2021-03-31 17:02:43,067] [INFO] [C:\Users\k0321373\Desktop\github\uidemo\util\logger.py : info:45 , 在('xpath', "//input[@type='text']")元素上输入K1081222
[2021-03-31 17:02:44,535] [INFO] [C:\Users\k0321373\Desktop\github\uidemo\util\logger.py : info:45 , 在('xpath', "//input[@type='password']")元素上输入ht123456
[2021-03-31 17:02:44,962] [INFO] [C:\Users\k0321373\Desktop\github\uidemo\util\logger.py : info:45 , 点击('xpath', "//button[@type='button']")元素
[2021-03-31 17:02:51,297] [INFO] [C:\Users\k0321373\Desktop\github\uidemo\util\logger.py : info:45 , 点击('xpath', "//a[@href='#/damp/index'][text()='数据资产']")元素
[2021-03-31 17:03:06,125] [INFO] [C:\Users\k0321373\Desktop\github\uidemo\util\logger.py : info:45 , ----结束测试-----
[2021-03-31 17:07:44,793] [INFO] [C:\Users\k0321373\Desktop\github\uidemo\util\logger.py : info:45 , ----开始执行测试----
[2021-03-31 17:07:53,245] [INFO] [C:\Users\k0321373\Desktop\github\uidemo\util\logger.py : info:45 , 创建chrome浏览器
[2021-03-31 17:07:54,567] [INFO] [C:\Users\k0321373\Desktop\github\uidemo\util\logger.py : info:45 , 打开http://168.61.114.19:8888/login/
[2021-03-31 17:07:55,359] [INFO] [C:\Users\k0321373\Desktop\github\uidemo\util\logger.py : info:45 , -----正在开始登陆数据中台-----
[2021-03-31 17:07:55,359] [INFO] [C:\Users\k0321373\Desktop\github\uidemo\util\logger.py : info:45 , 在('xpath', "//input[@type='text']")元素上输入K1081222
[2021-03-31 17:07:56,180] [INFO] [C:\Users\k0321373\Desktop\github\uidemo\util\logger.py : info:45 , 在('xpath', "//input[@type='password']")元素上输入ht123456
[2021-03-31 17:07:56,537] [INFO] [C:\Users\k0321373\Desktop\github\uidemo\util\logger.py : info:45 , 点击('xpath', "//button[@type='button']")元素
[2021-03-31 17:07:56,790] [INFO] [C:\Users\k0321373\Desktop\github\uidemo\util\logger.py : info:45 , 
[2021-03-31 17:08:01,668] [INFO] [C:\Users\k0321373\Desktop\github\uidemo\util\logger.py : info:45 , ----正在前往数据资产首页-----
[2021-03-31 17:08:01,668] [INFO] [C:\Users\k0321373\Desktop\github\uidemo\util\logger.py : info:45 , 点击('xpath', "//a[@href='#/damp/index'][text()='数据资产']")元素
[2021-03-31 17:08:15,873] [INFO] [C:\Users\k0321373\Desktop\github\uidemo\util\logger.py : info:45 , ----结束测试-----
[2021-03-31 17:29:25,105] [INFO] [C:\Users\k0321373\Desktop\github\uidemo\util\logger.py : info:45 , ----开始执行测试----
[2021-03-31 17:29:32,254] [INFO] [C:\Users\k0321373\Desktop\github\uidemo\util\logger.py : info:45 , 创建chrome浏览器
[2021-03-31 17:29:33,545] [INFO] [C:\Users\k0321373\Desktop\github\uidemo\util\logger.py : info:45 , 打开http://168.61.114.19:8888/login/
[2021-03-31 17:29:34,480] [INFO] [C:\Users\k0321373\Desktop\github\uidemo\util\logger.py : info:45 , -----正在开始登陆数据中台-----
[2021-03-31 17:29:34,480] [INFO] [C:\Users\k0321373\Desktop\github\uidemo\util\logger.py : info:45 , 在('xpath', "//input[@type='text']")元素上输入K1081222
[2021-03-31 17:29:35,310] [INFO] [C:\Users\k0321373\Desktop\github\uidemo\util\logger.py : info:45 , 在('xpath', "//input[@type='password']")元素上输入ht123456
[2021-03-31 17:29:35,962] [INFO] [C:\Users\k0321373\Desktop\github\uidemo\util\logger.py : info:45 , 点击('xpath', "//button[@type='button']")元素
[2021-03-31 17:29:36,233] [INFO] [C:\Users\k0321373\Desktop\github\uidemo\util\logger.py : info:45 , 
[2021-03-31 17:29:43,266] [INFO] [C:\Users\k0321373\Desktop\github\uidemo\util\logger.py : info:45 , ----正在前往数据资产首页-----
[2021-03-31 17:29:43,268] [INFO] [C:\Users\k0321373\Desktop\github\uidemo\util\logger.py : info:45 , 点击('xpath', "//a[@href='#/damp/index'][text()='数据资产']")元素
[2021-03-31 17:29:58,395] [INFO] [C:\Users\k0321373\Desktop\github\uidemo\util\logger.py : info:45 , ----结束测试-----
[2021-03-31 18:00:12,079] [INFO] [info] : ----开始执行测试----
[2021-03-31 18:00:21,371] [INFO] [info] : 创建chrome浏览器
[2021-03-31 18:00:22,761] [INFO] [info] : 打开http://168.61.114.19:8888/login/
[2021-03-31 18:00:24,068] [INFO] [info] : -----正在开始登陆数据中台-----
[2021-03-31 18:00:24,069] [INFO] [info] : 在('xpath', "//input[@type='text']")元素上输入K1081222
[2021-03-31 18:00:25,485] [INFO] [info] : 在('xpath', "//input[@type='password']")元素上输入ht123456
[2021-03-31 18:00:25,974] [INFO] [info] : 点击('xpath', "//button[@type='button']")元素
[2021-03-31 18:00:26,269] [INFO] [info] : 
[2021-03-31 18:00:30,886] [INFO] [info] : ----正在前往数据资产首页-----
[2021-03-31 18:00:30,888] [INFO] [info] : 点击('xpath', "//a[@href='#/damp/index'][text()='数据资产']")元素
[2021-03-31 18:01:02,626] [ERROR] [erro] : 定位元素('xpath', "//a[@href='#/damp/index'][text()='数据资产']")超时
[2021-03-31 18:01:02,633] [INFO] [info] : 开始截图
[2021-03-31 18:01:06,549] [INFO] [info] : ----正在前往数据资产首页-----
[2021-03-31 18:01:06,550] [INFO] [info] : 点击('xpath', "//a[@href='#/damp/index'][text()='数据资产']")元素
[2021-03-31 18:01:38,483] [ERROR] [erro] : 定位元素('xpath', "//a[@href='#/damp/index'][text()='数据资产']")超时
[2021-03-31 18:01:38,483] [INFO] [info] : 开始截图
[2021-03-31 18:01:53,361] [INFO] [info] : ----结束测试-----
[2021-03-31 18:02:00,665] [INFO]: ----开始执行测试----
[2021-03-31 18:02:05,818] [INFO]: 创建chrome浏览器
[2021-03-31 18:02:07,034] [INFO]: 打开http://168.61.114.19:8888/login/
[2021-03-31 18:02:07,984] [INFO]: -----正在开始登陆数据中台-----
[2021-03-31 18:02:07,984] [INFO]: 在('xpath', "//input[@type='text']")元素上输入K1081222
[2021-03-31 18:02:09,469] [INFO]: 在('xpath', "//input[@type='password']")元素上输入ht123456
[2021-03-31 18:02:10,125] [INFO]: 点击('xpath', "//button[@type='button']")元素
[2021-03-31 18:02:13,886] [INFO]: 
[2021-03-31 18:02:15,904] [INFO]: ----正在前往数据资产首页-----
[2021-03-31 18:02:15,904] [INFO]: 点击('xpath', "//a[@href='#/damp/index'][text()='数据资产']")元素
[2021-03-31 18:02:47,654] [ERROR]: 定位元素('xpath', "//a[@href='#/damp/index'][text()='数据资产']")超时
[2021-03-31 18:02:47,654] [INFO]: 开始截图
[2021-03-31 18:02:49,491] [INFO]: ----正在前往数据资产首页-----
[2021-03-31 18:02:49,491] [INFO]: 点击('xpath', "//a[@href='#/damp/index'][text()='数据资产']")元素
[2021-03-31 18:03:21,135] [ERROR]: 定位元素('xpath', "//a[@href='#/damp/index'][text()='数据资产']")超时
[2021-03-31 18:03:21,135] [INFO]: 开始截图
[2021-03-31 18:03:37,228] [INFO]: ----结束测试-----
