[2021-04-01 09:14:27,007] [INFO]: ----开始执行测试----
[2021-04-01 09:14:36,592] [INFO]: 创建chrome浏览器
[2021-04-01 09:14:37,857] [INFO]: 打开http://168.61.114.19:8888/login/
[2021-04-01 09:14:38,947] [INFO]: -----正在开始登陆数据中台-----
[2021-04-01 09:14:38,948] [INFO]: 在('xpath', "//input[@type='text']")元素上输入K1081222
[2021-04-01 09:14:40,671] [INFO]: 在('xpath', "//input[@type='password']")元素上输入ht123456
[2021-04-01 09:14:41,542] [INFO]: 点击('xpath', "//button[@type='button']")元素
[2021-04-01 09:14:41,790] [INFO]: 
[2021-04-01 09:14:51,759] [INFO]: ----正在前往数据资产首页-----
[2021-04-01 09:14:51,761] [INFO]: 点击('xpath', "//a[@href='#/damp/index'][text()='数据资产']")元素
[2021-04-01 09:15:10,351] [INFO]: ----结束测试-----
[2021-04-01 10:05:42,438] [INFO]: ----开始执行测试----
[2021-04-01 10:05:56,054] [INFO]: 创建chrome浏览器
[2021-04-01 10:05:57,486] [INFO]: 打开http://168.61.114.19:8888/login/
[2021-04-01 10:06:00,391] [INFO]: -----正在开始登陆数据中台-----
[2021-04-01 10:06:00,391] [INFO]: 在('xpath', "//input[@type='text']")元素上输入K1081222
[2021-04-01 10:06:02,865] [INFO]: 在('xpath', "//input[@type='password']")元素上输入ht123456
[2021-04-01 10:06:04,570] [INFO]: 点击('xpath', "//button[@type='button']")元素
[2021-04-01 10:06:19,626] [INFO]: 
[2021-04-01 10:06:21,924] [INFO]: ----正在前往数据资产首页-----
[2021-04-01 10:06:21,924] [INFO]: 点击('xpath', "//a[@href='#/damp/index'][text()='数据资产']")元素
[2021-04-01 10:06:23,104] [INFO]: ---进入数据资产二级页面-----
[2021-04-01 10:06:23,104] [INFO]: 点击('xpath', "//span[@class='damp-input-group-addon']/button")元素
[2021-04-01 10:06:50,602] [INFO]: ----结束测试-----
[2021-04-01 10:07:37,113] [INFO]: ----开始执行测试----
[2021-04-01 10:07:43,428] [INFO]: 创建chrome浏览器
[2021-04-01 10:07:44,918] [INFO]: 打开http://168.61.114.19:8888/login/
[2021-04-01 10:07:46,830] [INFO]: -----正在开始登陆数据中台-----
[2021-04-01 10:07:46,831] [INFO]: 在('xpath', "//input[@type='text']")元素上输入K1081222
[2021-04-01 10:07:49,055] [INFO]: 在('xpath', "//input[@type='password']")元素上输入ht123456
[2021-04-01 10:07:50,316] [INFO]: 点击('xpath', "//button[@type='button']")元素
[2021-04-01 10:07:50,786] [INFO]: 
[2021-04-01 10:08:01,656] [INFO]: ----正在前往数据资产首页-----
[2021-04-01 10:08:01,656] [INFO]: 点击('xpath', "//a[@href='#/damp/index'][text()='数据资产']")元素
[2021-04-01 10:08:02,415] [INFO]: ---进入数据资产二级页面-----
[2021-04-01 10:08:02,415] [INFO]: 点击('xpath', "//span[@class='damp-input-group-addon']/button")元素
[2021-04-01 10:08:29,841] [INFO]: ----开始执行测试----
[2021-04-01 10:08:36,929] [INFO]: 创建chrome浏览器
[2021-04-01 10:08:38,207] [INFO]: 打开http://168.61.114.19:8888/login/
[2021-04-01 10:08:40,040] [INFO]: -----正在开始登陆数据中台-----
[2021-04-01 10:08:40,040] [INFO]: 在('xpath', "//input[@type='text']")元素上输入K1081222
[2021-04-01 10:08:41,959] [INFO]: 在('xpath', "//input[@type='password']")元素上输入ht123456
[2021-04-01 10:08:42,740] [INFO]: 点击('xpath', "//button[@type='button']")元素
[2021-04-01 10:08:43,156] [INFO]: 
[2021-04-01 10:08:54,870] [INFO]: ----正在前往数据资产首页-----
[2021-04-01 10:08:54,870] [INFO]: 点击('xpath', "//a[@href='#/damp/index'][text()='数据资产']")元素
[2021-04-01 10:08:56,066] [INFO]: ---进入数据资产二级页面-----
[2021-04-01 10:08:56,066] [INFO]: 点击('xpath', "//span[@class='damp-input-group-addon']/button")元素
[2021-04-01 10:09:21,921] [INFO]: ----结束测试-----
[2021-04-01 11:23:54,966] [INFO]: ----开始执行测试----
[2021-04-01 11:24:04,350] [INFO]: 创建chrome浏览器
[2021-04-01 11:24:05,647] [INFO]: 打开http://168.61.114.19:8888/login/
[2021-04-01 11:24:06,695] [INFO]: -----正在开始登陆数据中台-----
[2021-04-01 11:24:06,695] [INFO]: 在('xpath', "//input[@type='text']")元素上输入K1081222
[2021-04-01 11:24:07,944] [INFO]: 在('xpath', "//input[@type='password']")元素上输入ht123456
[2021-04-01 11:24:08,654] [INFO]: 点击('xpath', "//button[@type='button']")元素
[2021-04-01 11:24:16,711] [INFO]: 
[2021-04-01 11:24:18,860] [INFO]: ----正在前往数据资产首页-----
[2021-04-01 11:24:18,861] [INFO]: 点击('xpath', "//a[@href='#/damp/index'][text()='数据资产']")元素
[2021-04-01 11:24:20,535] [INFO]: ---进入数据资产二级页面-----
[2021-04-01 11:24:20,536] [INFO]: 点击('xpath', "//span[@class='damp-input-group-addon']/button")元素
[2021-04-01 11:24:25,791] [INFO]: ---搜索数据表---
[2021-04-01 11:24:25,791] [INFO]: 点击('xpath', "//div[@class='index_list_header__3Scjx']/div/a")元素
[2021-04-01 11:24:28,220] [INFO]: 在('xpath', "//div[@class='index_search_input__hysZn']//input")元素上输入table
[2021-04-01 11:24:30,148] [INFO]: 点击('xpath', "//div[@id='search_input']//button")元素
[2021-04-01 11:24:47,956] [INFO]: ----结束测试-----
[2021-04-01 11:26:19,391] [INFO]: ----开始执行测试----
[2021-04-01 11:26:24,805] [INFO]: 创建chrome浏览器
[2021-04-01 11:26:26,090] [INFO]: 打开http://168.61.114.19:8888/login/
[2021-04-01 11:26:27,176] [INFO]: -----正在开始登陆数据中台-----
[2021-04-01 11:26:27,176] [INFO]: 在('xpath', "//input[@type='text']")元素上输入K1081222
[2021-04-01 11:26:28,257] [INFO]: 在('xpath', "//input[@type='password']")元素上输入ht123456
[2021-04-01 11:26:28,691] [INFO]: 点击('xpath', "//button[@type='button']")元素
[2021-04-01 11:26:28,948] [INFO]: 
[2021-04-01 11:26:35,995] [INFO]: ----正在前往数据资产首页-----
[2021-04-01 11:26:35,995] [INFO]: 点击('xpath', "//a[@href='#/damp/index'][text()='数据资产']")元素
[2021-04-01 11:26:36,671] [INFO]: ---进入数据资产二级页面-----
[2021-04-01 11:26:36,672] [INFO]: 点击('xpath', "//span[@class='damp-input-group-addon']/button")元素
[2021-04-01 11:26:42,443] [INFO]: ---搜索数据表---
[2021-04-01 11:26:42,444] [INFO]: 点击('xpath', "//div[@class='index_list_header__3Scjx']/div/a")元素
[2021-04-01 11:26:45,010] [INFO]: 在('xpath', "//div[@class='index_search_input__hysZn']//input")元素上输入damp_data_asset
[2021-04-01 11:26:49,145] [INFO]: 点击('xpath', "//div[@id='search_input']//button")元素
[2021-04-01 11:27:06,084] [INFO]: ----结束测试-----
[2021-04-01 14:27:39,201] [INFO]: ----开始执行测试----
[2021-04-01 14:27:48,502] [INFO]: 创建chrome浏览器
[2021-04-01 14:27:49,737] [INFO]: 打开http://168.61.114.19:8888/login/
[2021-04-01 14:27:50,721] [INFO]: -----正在开始登陆数据中台-----
[2021-04-01 14:27:50,722] [INFO]: 在('xpath', "//input[@type='text']")元素上输入K1081222
[2021-04-01 14:27:51,668] [INFO]: 在('xpath', "//input[@type='password']")元素上输入ht123456
[2021-04-01 14:27:52,135] [INFO]: 点击('xpath', "//button[@type='button']")元素
[2021-04-01 14:27:52,347] [INFO]: 
[2021-04-01 14:27:57,833] [INFO]: ----正在前往数据资产首页-----
[2021-04-01 14:27:57,834] [INFO]: 点击('xpath', "//a[@href='#/damp/index'][text()='数据资产']")元素
[2021-04-01 14:27:58,298] [INFO]: ---进入数据资产二级页面-----
[2021-04-01 14:27:58,300] [INFO]: 点击('xpath', "//span[@class='damp-input-group-addon']/button")元素
[2021-04-01 14:28:03,271] [INFO]: ---搜索数据表---
[2021-04-01 14:28:03,271] [INFO]: 点击('xpath', "//div[@class='index_list_header__3Scjx']/div/a")元素
[2021-04-01 14:28:06,443] [INFO]: 在('xpath', "//div[@class='index_search_input__hysZn']//input")元素上输入damp_data_asset
[2021-04-01 14:28:09,514] [INFO]: 点击('xpath', "//div[@id='search_input']//button")元素
[2021-04-01 14:28:24,465] [INFO]: ----结束测试-----
[2021-04-01 16:41:12,711] [INFO]: ----开始执行测试----
[2021-04-01 16:41:21,391] [INFO]: 创建chrome浏览器
[2021-04-01 16:41:22,618] [INFO]: 打开http://168.61.114.19:8888/login/
[2021-04-01 16:41:23,628] [INFO]: -----正在开始登陆数据中台-----
[2021-04-01 16:41:23,628] [INFO]: 在('xpath', "//input[@type='text']")元素上输入K1081222
[2021-04-01 16:41:24,555] [INFO]: 在('xpath', "//input[@type='password']")元素上输入ht123456
[2021-04-01 16:41:24,891] [INFO]: 点击('xpath', "//button[@type='button']")元素
[2021-04-01 16:41:25,142] [INFO]: 
[2021-04-01 16:41:30,401] [INFO]: ----正在前往数据资产首页-----
[2021-04-01 16:41:30,401] [INFO]: 点击('xpath', "//a[@href='#/damp/index'][text()='数据资产']")元素
[2021-04-01 16:41:31,010] [INFO]: ---进入数据资产二级页面-----
[2021-04-01 16:41:31,011] [INFO]: 点击('xpath', "//span[@class='damp-input-group-addon']/button")元素
[2021-04-01 16:41:36,175] [INFO]: ---搜索数据表---
[2021-04-01 16:41:36,175] [INFO]: 点击('xpath', "//div[@class='index_list_header__3Scjx']/div/a")元素
[2021-04-01 16:41:38,146] [INFO]: 在('xpath', "//div[@class='index_search_input__hysZn']//input")元素上输入damp_data_asset
[2021-04-01 16:41:41,839] [INFO]: 点击('xpath', "//div[@id='search_input']//button")元素
[2021-04-01 16:41:56,826] [INFO]: ----结束测试-----
[2021-04-01 16:54:25,145] [INFO]: ----开始执行测试----
[2021-04-01 16:54:34,174] [INFO]: 创建chrome浏览器
[2021-04-01 16:54:35,433] [INFO]: 打开http://168.61.114.19:8888/login/
[2021-04-01 16:54:36,306] [INFO]: -----正在开始登陆数据中台-----
[2021-04-01 16:54:36,306] [INFO]: 在('xpath', "//input[@type='text']")元素上输入K1081222
[2021-04-01 16:54:37,055] [INFO]: 在('xpath', "//input[@type='password']")元素上输入ht123456
[2021-04-01 16:54:37,390] [INFO]: 点击('xpath', "//button[@type='button']")元素
[2021-04-01 16:54:37,618] [INFO]: 
[2021-04-01 16:54:42,963] [INFO]: ----正在前往数据资产首页-----
[2021-04-01 16:54:42,963] [INFO]: 点击('xpath', "//a[@href='#/damp/index'][text()='数据资产']")元素
[2021-04-01 16:54:44,418] [INFO]: ---进入数据资产二级页面-----
[2021-04-01 16:54:44,418] [INFO]: 点击('xpath', "//span[@class='damp-input-group-addon']/button")元素
[2021-04-01 16:54:49,199] [INFO]: ---搜索数据表---
[2021-04-01 16:54:49,199] [INFO]: 点击('xpath', "//div[@class='index_list_header__3Scjx']/div/a")元素
[2021-04-01 16:54:51,394] [INFO]: 在('xpath', "//div[@class='index_search_input__hysZn']//input")元素上输入damp_data_asset
[2021-04-01 16:54:54,965] [INFO]: 点击('xpath', "//div[@id='search_input']//button")元素
[2021-04-01 16:54:55,183] [INFO]: ---查看表详情---
[2021-04-01 16:54:55,183] [INFO]: 点击('xpath', "//div[@class='damp-table-body']//td/a")元素
[2021-04-01 16:55:12,173] [INFO]: ----结束测试-----
[2021-04-01 16:59:32,815] [INFO]: ----开始执行测试----
[2021-04-01 16:59:38,274] [INFO]: 创建chrome浏览器
[2021-04-01 16:59:39,485] [INFO]: 打开http://168.61.114.19:8888/login/
[2021-04-01 17:00:09,094] [INFO]: ----开始执行测试----
[2021-04-01 17:00:14,190] [INFO]: 创建chrome浏览器
[2021-04-01 17:00:15,427] [INFO]: 打开http://168.61.114.19:8888/login/
[2021-04-01 17:02:55,231] [INFO]: ----开始执行测试----
[2021-04-01 17:03:04,079] [INFO]: 创建chrome浏览器
[2021-04-01 17:03:05,328] [INFO]: 打开http://168.61.114.19:8888/login/
[2021-04-01 17:07:04,032] [INFO]: ----开始执行测试----
[2021-04-01 17:07:09,291] [INFO]: 创建chrome浏览器
[2021-04-01 17:07:10,640] [INFO]: 打开http://168.61.114.19:8888/login/
[2021-04-01 17:07:11,453] [INFO]: -----正在开始登陆数据中台-----
[2021-04-01 17:07:11,453] [INFO]: 在('xpath', "//input[@type='text']")元素上输入K1081222
[2021-04-01 17:07:12,542] [INFO]: 在('xpath', "//input[@type='password']")元素上输入ht123456
[2021-04-01 17:07:12,943] [INFO]: 点击('xpath', "//button[@type='button']")元素
[2021-04-01 17:07:13,183] [INFO]: 
[2021-04-01 17:07:19,636] [INFO]: ----正在前往数据资产首页-----
[2021-04-01 17:07:19,636] [INFO]: 点击('xpath', "//a[@href='#/damp/index'][text()='数据资产']")元素
[2021-04-01 17:07:20,363] [INFO]: ---进入数据资产二级页面-----
[2021-04-01 17:07:20,363] [INFO]: 点击('xpath', "//span[@class='damp-input-group-addon']/button")元素
[2021-04-01 17:07:25,402] [INFO]: ---搜索数据表---
[2021-04-01 17:07:25,402] [INFO]: 点击('xpath', "//div[@class='index_list_header__3Scjx']/div/a")元素
[2021-04-01 17:07:27,768] [INFO]: 在('xpath', "//div[@class='index_search_input__hysZn']//input")元素上输入damp_data_asset
[2021-04-01 17:07:31,382] [INFO]: 点击('xpath', "//div[@id='search_input']//button")元素
[2021-04-01 17:07:31,611] [INFO]: ---查看表详情---
[2021-04-01 17:07:31,612] [INFO]: 点击('xpath', "//div[@class='damp-table-body']//td/a")元素
[2021-04-01 17:07:45,623] [INFO]: ----结束测试-----
[2021-04-01 17:41:05,460] [INFO]: ----开始执行测试----
[2021-04-01 17:41:14,941] [INFO]: 创建chrome浏览器
[2021-04-01 17:41:16,448] [INFO]: 打开http://168.61.114.19:8888/login/
[2021-04-01 17:41:18,499] [INFO]: -----正在开始登陆数据中台-----
[2021-04-01 17:41:18,499] [INFO]: 在('xpath', "//input[@type='text']")元素上输入K1081222
[2021-04-01 17:41:20,392] [INFO]: 在('xpath', "//input[@type='password']")元素上输入ht123456
[2021-04-01 17:41:21,189] [INFO]: 点击('xpath', "//button[@type='button']")元素
[2021-04-01 17:41:21,631] [INFO]: 
[2021-04-01 17:41:31,212] [INFO]: ----正在前往数据资产首页-----
[2021-04-01 17:41:31,212] [INFO]: 点击('xpath', "//a[@href='#/damp/index'][text()='数据资产']")元素
[2021-04-01 17:41:31,811] [INFO]: ---进入数据资产二级页面-----
[2021-04-01 17:41:31,811] [INFO]: 点击('xpath', "//span[@class='damp-input-group-addon']/button")元素
[2021-04-01 17:41:36,995] [INFO]: ---搜索数据表---
[2021-04-01 17:41:36,995] [INFO]: 点击('xpath', "//div[@class='index_list_header__3Scjx']/div/a")元素
[2021-04-01 17:41:39,853] [INFO]: 在('xpath', "//div[@class='index_search_input__hysZn']//input")元素上输入damp_data_asset
[2021-04-01 17:41:44,259] [INFO]: 点击('xpath', "//div[@id='search_input']//button")元素
[2021-04-01 17:41:44,587] [INFO]: ---查看表详情---
[2021-04-01 17:41:44,589] [INFO]: 点击('xpath', "//div[@class='damp-table-body']//td/a")元素
[2021-04-01 17:41:45,412] [INFO]: ---前往数据源登记页面---
[2021-04-01 17:41:45,412] [INFO]: 点击('xpath', "//span[text()='数据源管理']")元素
[2021-04-01 17:41:47,138] [INFO]: 点击('xpath', "//a[@href='#/damp/thirdpage/registerData']")元素
[2021-04-01 17:41:58,309] [INFO]: ---前往数据源登记页面---
[2021-04-01 17:41:58,310] [INFO]: 点击('xpath', "//span[text()='数据源管理']")元素
[2021-04-01 17:41:58,575] [INFO]: 点击('xpath', "//a[@href='#/damp/thirdpage/registerData']")元素
[2021-04-01 17:42:23,485] [INFO]: ----结束测试-----
[2021-04-01 17:43:07,604] [INFO]: ----开始执行测试----
[2021-04-01 17:43:12,812] [INFO]: 创建chrome浏览器
[2021-04-01 17:43:14,019] [INFO]: 打开http://168.61.114.19:8888/login/
[2021-04-01 17:43:15,022] [INFO]: -----正在开始登陆数据中台-----
[2021-04-01 17:43:15,022] [INFO]: 在('xpath', "//input[@type='text']")元素上输入K1081222
[2021-04-01 17:43:16,026] [INFO]: 在('xpath', "//input[@type='password']")元素上输入ht123456
[2021-04-01 17:43:16,449] [INFO]: 点击('xpath', "//button[@type='button']")元素
[2021-04-01 17:43:16,716] [INFO]: 
[2021-04-01 17:43:23,024] [INFO]: ----正在前往数据资产首页-----
[2021-04-01 17:43:23,025] [INFO]: 点击('xpath', "//a[@href='#/damp/index'][text()='数据资产']")元素
[2021-04-01 17:43:23,557] [INFO]: ---进入数据资产二级页面-----
[2021-04-01 17:43:23,557] [INFO]: 点击('xpath', "//span[@class='damp-input-group-addon']/button")元素
[2021-04-01 17:43:28,560] [INFO]: ---搜索数据表---
[2021-04-01 17:43:28,562] [INFO]: 点击('xpath', "//div[@class='index_list_header__3Scjx']/div/a")元素
[2021-04-01 17:43:30,848] [INFO]: 在('xpath', "//div[@class='index_search_input__hysZn']//input")元素上输入damp_data_asset
[2021-04-01 17:43:34,838] [INFO]: 点击('xpath', "//div[@id='search_input']//button")元素
[2021-04-01 17:43:35,109] [INFO]: ---查看表详情---
[2021-04-01 17:43:35,110] [INFO]: 点击('xpath', "//div[@class='damp-table-body']//td/a")元素
[2021-04-01 17:43:35,970] [INFO]: ---前往数据源登记页面---
[2021-04-01 17:43:35,970] [INFO]: 点击('xpath', "//span[text()='数据源管理']")元素
[2021-04-01 17:43:37,866] [INFO]: 点击('xpath', "//a[@href='#/damp/thirdpage/registerData']")元素
[2021-04-01 17:43:49,556] [INFO]: ---前往数据源登记页面---
[2021-04-01 17:43:49,556] [INFO]: 点击('xpath', "//span[text()='数据源管理']")元素
[2021-04-01 17:43:49,761] [INFO]: 点击('xpath', "//a[@href='#/damp/thirdpage/registerData']")元素
[2021-04-01 17:44:13,648] [INFO]: ----结束测试-----
[2021-04-01 17:46:11,471] [INFO]: ----开始执行测试----
[2021-04-01 17:46:17,146] [INFO]: 创建chrome浏览器
[2021-04-01 17:46:18,346] [INFO]: 打开http://168.61.114.19:8888/login/
[2021-04-01 17:46:19,406] [INFO]: -----正在开始登陆数据中台-----
[2021-04-01 17:46:19,406] [INFO]: 在('xpath', "//input[@type='text']")元素上输入K1081222
[2021-04-01 17:46:20,215] [INFO]: 在('xpath', "//input[@type='password']")元素上输入ht123456
[2021-04-01 17:46:20,601] [INFO]: 点击('xpath', "//button[@type='button']")元素
[2021-04-01 17:46:20,869] [INFO]: 
[2021-04-01 17:46:27,337] [INFO]: ----正在前往数据资产首页-----
[2021-04-01 17:46:27,338] [INFO]: 点击('xpath', "//a[@href='#/damp/index'][text()='数据资产']")元素
[2021-04-01 17:46:27,980] [INFO]: ---进入数据资产二级页面-----
[2021-04-01 17:46:27,980] [INFO]: 点击('xpath', "//span[@class='damp-input-group-addon']/button")元素
[2021-04-01 17:46:33,371] [INFO]: ---搜索数据表---
[2021-04-01 17:46:33,372] [INFO]: 点击('xpath', "//div[@class='index_list_header__3Scjx']/div/a")元素
[2021-04-01 17:46:35,728] [INFO]: 在('xpath', "//div[@class='index_search_input__hysZn']//input")元素上输入damp_data_asset
[2021-04-01 17:46:38,621] [INFO]: 点击('xpath', "//div[@id='search_input']//button")元素
[2021-04-01 17:46:38,823] [INFO]: ---查看表详情---
[2021-04-01 17:46:38,823] [INFO]: 点击('xpath', "//div[@class='damp-table-body']//td/a")元素
[2021-04-01 17:46:39,608] [INFO]: ---前往数据源登记页面---
[2021-04-01 17:46:39,609] [INFO]: 点击('xpath', "//span[text()='数据源管理']")元素
[2021-04-01 17:46:46,691] [INFO]: 点击('xpath', "//a[@href='#/damp/thirdpage/registerData']")元素
[2021-04-01 17:46:57,502] [INFO]: ---前往数据源登记页面---
[2021-04-01 17:46:57,502] [INFO]: 点击('xpath', "//span[text()='数据源管理']")元素
[2021-04-01 17:47:02,707] [INFO]: 点击('xpath', "//a[@href='#/damp/thirdpage/registerData']")元素
[2021-04-01 17:47:22,041] [INFO]: ----结束测试-----
[2021-04-01 17:50:29,699] [INFO]: ----开始执行测试----
[2021-04-01 17:50:38,662] [INFO]: 创建chrome浏览器
[2021-04-01 17:50:40,006] [INFO]: 打开http://168.61.114.19:8888/login/
[2021-04-01 17:50:41,009] [INFO]: -----正在开始登陆数据中台-----
[2021-04-01 17:50:41,009] [INFO]: 在('xpath', "//input[@type='text']")元素上输入K1081222
[2021-04-01 17:50:42,526] [INFO]: 在('xpath', "//input[@type='password']")元素上输入ht123456
[2021-04-01 17:50:43,166] [INFO]: 点击('xpath', "//button[@type='button']")元素
[2021-04-01 17:50:43,467] [INFO]: 
[2021-04-01 17:50:51,851] [INFO]: ----正在前往数据资产首页-----
[2021-04-01 17:50:51,852] [INFO]: 点击('xpath', "//a[@href='#/damp/index'][text()='数据资产']")元素
[2021-04-01 17:50:53,215] [INFO]: ---进入数据资产二级页面-----
[2021-04-01 17:50:53,216] [INFO]: 点击('xpath', "//span[@class='damp-input-group-addon']/button")元素
[2021-04-01 17:50:59,497] [INFO]: ---搜索数据表---
[2021-04-01 17:50:59,497] [INFO]: 点击('xpath', "//div[@class='index_list_header__3Scjx']/div/a")元素
[2021-04-01 17:51:02,898] [INFO]: 在('xpath', "//div[@class='index_search_input__hysZn']//input")元素上输入damp_data_asset
[2021-04-01 17:51:07,308] [INFO]: 点击('xpath', "//div[@id='search_input']//button")元素
[2021-04-01 17:51:07,681] [INFO]: ---查看表详情---
[2021-04-01 17:51:07,682] [INFO]: 点击('xpath', "//div[@class='damp-table-body']//td/a")元素
[2021-04-01 17:51:08,794] [INFO]: ---前往数据源登记页面---
[2021-04-01 17:51:08,794] [INFO]: 点击('xpath', "//div[@class='damp-menu-submenu-title']//span[text()='数据源管理']")元素
[2021-04-01 17:51:16,367] [INFO]: 点击('xpath', "//a[@href='#/damp/thirdpage/registerData']")元素
[2021-04-01 17:51:27,461] [INFO]: ---前往数据源登记页面---
[2021-04-01 17:51:27,461] [INFO]: 点击('xpath', "//div[@class='damp-menu-submenu-title']//span[text()='数据源管理']")元素
[2021-04-01 17:51:32,656] [INFO]: 点击('xpath', "//a[@href='#/damp/thirdpage/registerData']")元素
[2021-04-01 17:51:58,233] [INFO]: ----结束测试-----
[2021-04-01 17:52:40,916] [INFO]: ----开始执行测试----
[2021-04-01 17:52:46,859] [INFO]: 创建chrome浏览器
[2021-04-01 17:52:48,098] [INFO]: 打开http://168.61.114.19:8888/login/
[2021-04-01 17:52:49,146] [INFO]: -----正在开始登陆数据中台-----
[2021-04-01 17:52:49,146] [INFO]: 在('xpath', "//input[@type='text']")元素上输入K1081222
[2021-04-01 17:52:49,997] [INFO]: 在('xpath', "//input[@type='password']")元素上输入ht123456
[2021-04-01 17:52:50,346] [INFO]: 点击('xpath', "//button[@type='button']")元素
[2021-04-01 17:52:50,605] [INFO]: 
[2021-04-01 17:52:57,985] [INFO]: ----正在前往数据资产首页-----
[2021-04-01 17:52:57,987] [INFO]: 点击('xpath', "//a[@href='#/damp/index'][text()='数据资产']")元素
[2021-04-01 17:52:58,658] [INFO]: ---进入数据资产二级页面-----
[2021-04-01 17:52:58,659] [INFO]: 点击('xpath', "//span[@class='damp-input-group-addon']/button")元素
[2021-04-01 17:53:04,244] [INFO]: ---搜索数据表---
[2021-04-01 17:53:04,244] [INFO]: 点击('xpath', "//div[@class='index_list_header__3Scjx']/div/a")元素
[2021-04-01 17:53:06,697] [INFO]: 在('xpath', "//div[@class='index_search_input__hysZn']//input")元素上输入damp_data_asset
[2021-04-01 17:53:10,025] [INFO]: 点击('xpath', "//div[@id='search_input']//button")元素
[2021-04-01 17:53:10,283] [INFO]: ---查看表详情---
[2021-04-01 17:53:10,284] [INFO]: 点击('xpath', "//div[@class='damp-table-body']//td/a")元素
[2021-04-01 17:53:11,089] [INFO]: ---前往数据源登记页面---
[2021-04-01 17:53:11,089] [INFO]: 点击('xpath', "//div[@class='damp-menu-submenu-title']//span[text()='数据源管理']")元素
[2021-04-01 17:53:18,571] [INFO]: 点击('xpath', "//a[@href='#/damp/thirdpage/registerData']")元素
[2021-04-01 17:53:29,348] [INFO]: ---前往数据源登记页面---
[2021-04-01 17:53:29,349] [INFO]: 点击('xpath', "//div[@class='damp-menu-submenu-title']//span[text()='数据源管理']")元素
[2021-04-01 17:53:34,544] [INFO]: 点击('xpath', "//a[@href='#/damp/thirdpage/registerData']")元素
[2021-04-01 17:53:58,565] [INFO]: ----结束测试-----
[2021-04-01 18:00:11,191] [INFO]: ----开始执行测试----
[2021-04-01 18:00:19,656] [INFO]: 创建chrome浏览器
[2021-04-01 18:00:21,040] [INFO]: 打开http://168.61.114.19:8888/login/
[2021-04-01 18:00:22,101] [INFO]: -----正在开始登陆数据中台-----
[2021-04-01 18:00:22,102] [INFO]: 在('xpath', "//input[@type='text']")元素上输入K1081222
[2021-04-01 18:00:23,229] [INFO]: 在('xpath', "//input[@type='password']")元素上输入ht123456
[2021-04-01 18:00:23,696] [INFO]: 点击('xpath', "//button[@type='button']")元素
[2021-04-01 18:00:23,978] [INFO]: 
[2021-04-01 18:00:29,901] [INFO]: ----正在前往数据资产首页-----
[2021-04-01 18:00:29,901] [INFO]: 点击('xpath', "//a[@href='#/damp/index'][text()='数据资产']")元素
[2021-04-01 18:00:30,223] [INFO]: ---进入数据资产二级页面-----
[2021-04-01 18:00:30,224] [INFO]: 点击('xpath', "//span[@class='damp-input-group-addon']/button")元素
[2021-04-01 18:00:35,038] [INFO]: ---搜索数据表---
[2021-04-01 18:00:35,039] [INFO]: 点击('xpath', "//div[@class='index_list_header__3Scjx']/div/a")元素
[2021-04-01 18:00:36,987] [INFO]: 在('xpath', "//div[@class='index_search_input__hysZn']//input")元素上输入damp_data_asset
[2021-04-01 18:00:40,136] [INFO]: 点击('xpath', "//div[@id='search_input']//button")元素
[2021-04-01 18:00:40,312] [INFO]: ---查看表详情---
[2021-04-01 18:00:40,313] [INFO]: 点击('xpath', "//div[@class='damp-table-body']//td/a")元素
[2021-04-01 18:00:40,859] [INFO]: ---前往数据源登记页面---
[2021-04-01 18:00:40,859] [INFO]: 点击('xpath', "//div[@class='damp-menu-submenu-title']//span[text()='数据源管理']")元素
[2021-04-01 18:01:10,716] [INFO]: ----结束测试-----
