[2021-04-06 14:04:33,390] [INFO]: ----开始执行测试----
[2021-04-06 14:04:38,385] [INFO]: 创建chrome浏览器
[2021-04-06 14:04:39,858] [INFO]: 打开http://168.61.114.19:8888/login/
[2021-04-06 14:04:40,565] [INFO]: -----正在开始登陆数据中台-----
[2021-04-06 14:04:40,565] [INFO]: 在('xpath', "//input[@type='text']")元素上输入K1081222
[2021-04-06 14:04:41,456] [INFO]: 在('xpath', "//input[@type='password']")元素上输入ht123456
[2021-04-06 14:04:41,953] [INFO]: 点击('xpath', "//button[@type='button']")元素
[2021-04-06 14:04:42,255] [INFO]: 
[2021-04-06 14:04:47,666] [INFO]: ----正在前往数据资产首页-----
[2021-04-06 14:04:47,669] [INFO]: 点击('xpath', "//a[@href='#/damp/index'][text()='数据资产']")元素
[2021-04-06 14:04:48,106] [INFO]: ---进入数据资产二级页面-----
[2021-04-06 14:04:48,106] [INFO]: 点击('xpath', "//span[@class='damp-input-group-addon']/button")元素
[2021-04-06 14:04:51,815] [INFO]: ---搜索数据表---
[2021-04-06 14:04:51,815] [INFO]: 点击('xpath', "//div[@class='index_list_header__3Scjx']/div/a")元素
[2021-04-06 14:04:53,571] [INFO]: 在('xpath', "//div[@class='index_search_input__hysZn']//input")元素上输入damp_data_asset
[2021-04-06 14:04:56,070] [INFO]: 点击('xpath', "//div[@id='search_input']//button")元素
[2021-04-06 14:04:56,244] [INFO]: ---查看表详情---
[2021-04-06 14:04:56,244] [INFO]: 点击('xpath', "//div[@class='damp-table-body']//td/a")元素
[2021-04-06 14:05:06,726] [INFO]: 切换页签
[2021-04-06 14:05:06,802] [INFO]: ---前往数据源登记页面---
[2021-04-06 14:05:06,802] [INFO]: 点击('xpath', "//div[@class='damp-menu-submenu-title']//span[text()='数据源管理']")元素
[2021-04-06 14:05:17,094] [INFO]: 点击('xpath', "//a[@href='#/damp/thirdpage/registerData']")元素
[2021-04-06 14:05:17,649] [INFO]: 点击('xpath', "//div[@class='damp-table-body']//tr[1]/td/div/a[1]")元素
[2021-04-06 14:05:42,347] [INFO]: ----结束测试-----
[2021-04-06 14:17:14,764] [INFO]: ----开始执行测试----
[2021-04-06 14:17:18,952] [INFO]: 创建chrome浏览器
[2021-04-06 14:17:20,139] [INFO]: 打开http://168.61.114.19:8888/login/
[2021-04-06 14:17:20,855] [INFO]: -----正在开始登陆数据中台-----
[2021-04-06 14:17:20,855] [INFO]: 在('xpath', "//input[@type='text']")元素上输入K1081222
[2021-04-06 14:17:21,450] [INFO]: 在('xpath', "//input[@type='password']")元素上输入ht123456
[2021-04-06 14:17:21,727] [INFO]: 点击('xpath', "//button[@type='button']")元素
[2021-04-06 14:17:21,918] [INFO]: 
[2021-04-06 14:17:25,955] [INFO]: ----正在前往数据资产首页-----
[2021-04-06 14:17:25,955] [INFO]: 点击('xpath', "//a[@href='#/damp/index'][text()='数据资产']")元素
[2021-04-06 14:17:26,369] [INFO]: ---进入数据资产二级页面-----
[2021-04-06 14:17:26,369] [INFO]: 点击('xpath', "//span[@class='damp-input-group-addon']/button")元素
[2021-04-06 14:17:29,490] [INFO]: ---搜索数据表---
[2021-04-06 14:17:29,490] [INFO]: 点击('xpath', "//div[@class='index_list_header__3Scjx']/div/a")元素
[2021-04-06 14:17:30,994] [INFO]: 在('xpath', "//div[@class='index_search_input__hysZn']//input")元素上输入damp_data_asset
[2021-04-06 14:17:33,211] [INFO]: 点击('xpath', "//div[@id='search_input']//button")元素
[2021-04-06 14:17:33,369] [INFO]: ---查看表详情---
[2021-04-06 14:17:33,369] [INFO]: 点击('xpath', "//div[@class='damp-table-body']//td/a")元素
[2021-04-06 14:17:43,752] [INFO]: 切换页签
[2021-04-06 14:17:43,797] [INFO]: ---前往数据源登记页面---
[2021-04-06 14:17:43,797] [INFO]: 点击('xpath', "//div[@class='damp-menu-submenu-title']//span[text()='数据源管理']")元素
[2021-04-06 14:17:54,069] [INFO]: 点击('xpath', "//a[@href='#/damp/thirdpage/registerData']")元素
[2021-04-06 14:17:54,581] [INFO]: 点击('xpath', "//div[@class='damp-table-body']//tr[1]/td/div/a[1]")元素
[2021-04-06 14:17:55,623] [INFO]: 切换页签
[2021-04-06 14:17:55,640] [INFO]: ---前往数据源登记页面---
[2021-04-06 14:17:55,640] [INFO]: 点击('xpath', "//div[@class='damp-menu-submenu-title']//span[text()='数据源管理']")元素
[2021-04-06 14:18:05,789] [INFO]: 点击('xpath', "//a[@href='#/damp/thirdpage/registerData']")元素
[2021-04-06 14:18:29,233] [INFO]: ----结束测试-----
[2021-04-06 14:19:13,655] [INFO]: ----开始执行测试----
[2021-04-06 14:19:17,796] [INFO]: 创建chrome浏览器
[2021-04-06 14:19:18,960] [INFO]: 打开http://168.61.114.19:8888/login/
[2021-04-06 14:19:19,799] [INFO]: 切换页签
[2021-04-06 14:19:19,864] [INFO]: ---前往数据源登记页面---
[2021-04-06 14:19:19,864] [INFO]: 点击('xpath', "//div[@class='damp-menu-submenu-title']//span[text()='数据源管理']")元素
[2021-04-06 14:20:00,395] [INFO]: ----结束测试-----
[2021-04-06 14:20:12,598] [INFO]: ----开始执行测试----
[2021-04-06 14:20:16,765] [INFO]: 创建chrome浏览器
[2021-04-06 14:20:17,952] [INFO]: 打开http://168.61.114.19:8888/login/
[2021-04-06 14:20:18,706] [INFO]: -----正在开始登陆数据中台-----
[2021-04-06 14:20:18,706] [INFO]: 在('xpath', "//input[@type='text']")元素上输入K1081222
[2021-04-06 14:20:19,272] [INFO]: 在('xpath', "//input[@type='password']")元素上输入ht123456
[2021-04-06 14:20:19,583] [INFO]: 点击('xpath', "//button[@type='button']")元素
[2021-04-06 14:20:19,905] [INFO]: 
[2021-04-06 14:20:23,667] [INFO]: ----正在前往数据资产首页-----
[2021-04-06 14:20:23,667] [INFO]: 点击('xpath', "//a[@href='#/damp/index'][text()='数据资产']")元素
[2021-04-06 14:20:24,130] [INFO]: ---进入数据资产二级页面-----
[2021-04-06 14:20:24,130] [INFO]: 点击('xpath', "//span[@class='damp-input-group-addon']/button")元素
[2021-04-06 14:20:26,820] [INFO]: ---搜索数据表---
[2021-04-06 14:20:26,821] [INFO]: 点击('xpath', "//div[@class='index_list_header__3Scjx']/div/a")元素
[2021-04-06 14:20:27,881] [INFO]: 在('xpath', "//div[@class='index_search_input__hysZn']//input")元素上输入damp_data_asset
[2021-04-06 14:20:29,667] [INFO]: 点击('xpath', "//div[@id='search_input']//button")元素
[2021-04-06 14:20:29,873] [INFO]: ---查看表详情---
[2021-04-06 14:20:29,873] [INFO]: 点击('xpath', "//div[@class='damp-table-body']//td/a")元素
[2021-04-06 14:20:40,495] [INFO]: 切换页签
[2021-04-06 14:20:40,629] [INFO]: ---前往数据源登记页面---
[2021-04-06 14:20:40,630] [INFO]: 点击('xpath', "//div[@class='damp-menu-submenu-title']//span[text()='数据源管理']")元素
[2021-04-06 14:20:51,233] [INFO]: 点击('xpath', "//a[@href='#/damp/thirdpage/registerData']")元素
[2021-04-06 14:20:51,795] [INFO]: 点击('xpath', "//div[@class='damp-table-body']//tr[1]/td/div/a[1]")元素
[2021-04-06 14:21:05,581] [INFO]: ----结束测试-----
[2021-04-06 14:26:16,274] [INFO]: ----开始执行测试----
[2021-04-06 14:26:20,484] [INFO]: 创建chrome浏览器
[2021-04-06 14:26:21,688] [INFO]: 打开http://168.61.114.19:8888/login/
[2021-04-06 14:26:22,264] [INFO]: -----正在开始登陆数据中台-----
[2021-04-06 14:26:22,264] [INFO]: 在('xpath', "//input[@type='text']")元素上输入K1081222
[2021-04-06 14:26:23,205] [INFO]: 在('xpath', "//input[@type='password']")元素上输入ht123456
[2021-04-06 14:26:23,506] [INFO]: 点击('xpath', "//button[@type='button']")元素
[2021-04-06 14:26:23,707] [INFO]: 
[2021-04-06 14:26:27,967] [INFO]: ----正在前往数据资产首页-----
[2021-04-06 14:26:27,967] [INFO]: 点击('xpath', "//a[@href='#/damp/index'][text()='数据资产']")元素
[2021-04-06 14:26:28,297] [INFO]: ---进入数据资产二级页面-----
[2021-04-06 14:26:28,297] [INFO]: 点击('xpath', "//span[@class='damp-input-group-addon']/button")元素
[2021-04-06 14:26:31,915] [INFO]: ---搜索数据表---
[2021-04-06 14:26:31,916] [INFO]: 点击('xpath', "//div[@class='index_list_header__3Scjx']/div/a")元素
[2021-04-06 14:26:33,681] [INFO]: 在('xpath', "//div[@class='index_search_input__hysZn']//input")元素上输入damp_data_asset
[2021-04-06 14:26:36,546] [INFO]: 点击('xpath', "//div[@id='search_input']//button")元素
[2021-04-06 14:26:36,752] [INFO]: ---查看表详情---
[2021-04-06 14:26:36,752] [INFO]: 点击('xpath', "//div[@class='damp-table-body']//td/a")元素
[2021-04-06 14:26:47,359] [INFO]: 切换页签
[2021-04-06 14:26:47,441] [INFO]: ---前往数据源登记页面---
[2021-04-06 14:26:47,441] [INFO]: 点击('xpath', "//div[@class='damp-menu-submenu-title']//span[text()='数据源管理']")元素
[2021-04-06 14:26:57,719] [INFO]: 点击('xpath', "//a[@href='#/damp/thirdpage/registerData']")元素
[2021-04-06 14:26:58,283] [INFO]: 点击('xpath', "//div[@class='damp-table-body']//tr[1]/td/div/a[1]")元素
[2021-04-06 14:27:11,925] [INFO]: ----结束测试-----
[2021-04-06 14:30:24,000] [INFO]: ----开始执行测试----
[2021-04-06 14:30:27,983] [INFO]: 创建chrome浏览器
[2021-04-06 14:30:29,170] [INFO]: 打开http://168.61.114.19:8888/login/
[2021-04-06 14:30:29,747] [INFO]: -----正在开始登陆数据中台-----
[2021-04-06 14:30:29,748] [INFO]: 在('xpath', "//input[@type='text']")元素上输入K1081222
[2021-04-06 14:30:30,472] [INFO]: 在('xpath', "//input[@type='password']")元素上输入ht123456
[2021-04-06 14:30:30,715] [INFO]: 点击('xpath', "//button[@type='button']")元素
[2021-04-06 14:30:30,909] [INFO]: 
[2021-04-06 14:30:34,032] [INFO]: ----正在前往数据资产首页-----
[2021-04-06 14:30:34,032] [INFO]: 点击('xpath', "//a[@href='#/damp/index'][text()='数据资产']")元素
[2021-04-06 14:30:34,754] [INFO]: ---进入数据资产二级页面-----
[2021-04-06 14:30:34,756] [INFO]: 点击('xpath', "//span[@class='damp-input-group-addon']/button")元素
[2021-04-06 14:30:38,013] [INFO]: ---搜索数据表---
[2021-04-06 14:30:38,014] [INFO]: 点击('xpath', "//div[@class='index_list_header__3Scjx']/div/a")元素
[2021-04-06 14:30:39,391] [INFO]: 在('xpath', "//div[@class='index_search_input__hysZn']//input")元素上输入damp_data_asset
[2021-04-06 14:30:42,013] [INFO]: 点击('xpath', "//div[@id='search_input']//button")元素
[2021-04-06 14:30:42,210] [INFO]: ---查看表详情---
[2021-04-06 14:30:42,211] [INFO]: 点击('xpath', "//div[@class='damp-table-body']//td/a")元素
[2021-04-06 14:30:52,614] [INFO]: 切换页签
[2021-04-06 14:30:52,665] [INFO]: ---前往数据源登记页面---
[2021-04-06 14:30:52,665] [INFO]: 点击('xpath', "//div[@class='damp-menu-submenu-title']//span[text()='数据源管理']")元素
[2021-04-06 14:31:02,957] [INFO]: 点击('xpath', "//a[@href='#/damp/thirdpage/registerData']")元素
[2021-04-06 14:31:03,525] [INFO]: 点击('xpath', "//div[@class='damp-table-body']//tr[1]/td/div/a[1]")元素
[2021-04-06 14:31:17,250] [INFO]: ----结束测试-----
[2021-04-06 14:31:47,358] [INFO]: ----开始执行测试----
[2021-04-06 14:32:24,984] [INFO]: ----开始执行测试----
[2021-04-06 14:32:28,843] [INFO]: 创建chrome浏览器
[2021-04-06 14:32:30,046] [INFO]: 打开http://168.61.114.19:8888/login/
[2021-04-06 14:32:30,604] [INFO]: -----正在开始登陆数据中台-----
[2021-04-06 14:32:30,604] [INFO]: 在('xpath', "//input[@type='text']")元素上输入K1081222
[2021-04-06 14:32:31,340] [INFO]: 在('xpath', "//input[@type='password']")元素上输入ht123456
[2021-04-06 14:32:31,602] [INFO]: 点击('xpath', "//button[@type='button']")元素
[2021-04-06 14:32:31,794] [INFO]: 
[2021-04-06 14:32:35,479] [INFO]: ----正在前往数据资产首页-----
[2021-04-06 14:32:35,480] [INFO]: 点击('xpath', "//a[@href='#/damp/index'][text()='数据资产']")元素
[2021-04-06 14:32:35,847] [INFO]: ---进入数据资产二级页面-----
[2021-04-06 14:32:35,847] [INFO]: 点击('xpath', "//span[@class='damp-input-group-addon']/button")元素
[2021-04-06 14:32:39,269] [INFO]: ---搜索数据表---
[2021-04-06 14:32:39,269] [INFO]: 点击('xpath', "//div[@class='index_list_header__3Scjx']/div/a")元素
[2021-04-06 14:32:40,750] [INFO]: 在('xpath', "//div[@class='index_search_input__hysZn']//input")元素上输入damp_data_asset
[2021-04-06 14:32:43,164] [INFO]: 点击('xpath', "//div[@id='search_input']//button")元素
[2021-04-06 14:32:48,358] [INFO]: ---查看表详情---
[2021-04-06 14:32:48,358] [INFO]: 点击('xpath', "//div[@class='damp-table-body']//td/a")元素
[2021-04-06 14:32:58,608] [INFO]: 切换页签
[2021-04-06 14:32:58,649] [INFO]: ---前往数据源登记页面---
[2021-04-06 14:32:58,649] [INFO]: 点击('xpath', "//div[@class='damp-menu-submenu-title']//span[text()='数据源管理']")元素
[2021-04-06 14:33:08,889] [INFO]: 点击('xpath', "//a[@href='#/damp/thirdpage/registerData']")元素
[2021-04-06 14:33:09,366] [INFO]: 点击('xpath', "//div[@class='damp-table-body']//tr[1]/td/div/a[1]")元素
[2021-04-06 14:33:52,084] [INFO]: ----结束测试-----
[2021-04-06 14:35:33,703] [INFO]: ----开始执行测试----
[2021-04-06 14:35:37,873] [INFO]: 创建chrome浏览器
[2021-04-06 14:35:39,077] [INFO]: 打开http://168.61.114.19:8888/login/
[2021-04-06 14:35:39,931] [INFO]: -----正在开始登陆数据中台-----
[2021-04-06 14:35:39,932] [INFO]: 在('xpath', "//input[@type='text']")元素上输入K1081222
[2021-04-06 14:35:40,552] [INFO]: 在('xpath', "//input[@type='password']")元素上输入ht123456
[2021-04-06 14:35:40,844] [INFO]: 点击('xpath', "//button[@type='button']")元素
[2021-04-06 14:35:41,054] [INFO]: 
[2021-04-06 14:35:44,793] [INFO]: ----正在前往数据资产首页-----
[2021-04-06 14:35:44,793] [INFO]: 点击('xpath', "//a[@href='#/damp/index'][text()='数据资产']")元素
[2021-04-06 14:35:45,069] [INFO]: ---进入数据资产二级页面-----
[2021-04-06 14:35:45,069] [INFO]: 点击('xpath', "//span[@class='damp-input-group-addon']/button")元素
[2021-04-06 14:35:48,291] [INFO]: ---搜索数据表---
[2021-04-06 14:35:48,291] [INFO]: 点击('xpath', "//div[@class='index_list_header__3Scjx']/div/a")元素
[2021-04-06 14:35:49,801] [INFO]: 在('xpath', "//div[@class='index_search_input__hysZn']//input")元素上输入damp_data_asset
[2021-04-06 14:35:52,263] [INFO]: 点击('xpath', "//div[@id='search_input']//button")元素
[2021-04-06 14:35:57,440] [INFO]: ---查看表详情---
[2021-04-06 14:35:57,440] [INFO]: 点击('xpath', "//div[@class='damp-table-body']//td/a")元素
[2021-04-06 14:36:07,765] [INFO]: 切换页签
[2021-04-06 14:36:07,806] [INFO]: ---前往数据源登记页面---
[2021-04-06 14:36:07,806] [INFO]: 点击('xpath', "//div[@class='damp-menu-submenu-title']//span[text()='数据源管理']")元素
[2021-04-06 14:36:18,076] [INFO]: 点击('xpath', "//a[@href='#/damp/thirdpage/registerData']")元素
[2021-04-06 14:36:18,636] [INFO]: 点击('xpath', "//div[@class='damp-table-body']//tr[1]/td/div/a[1]")元素
[2021-04-06 14:37:01,600] [INFO]: ----结束测试-----
[2021-04-06 14:53:10,750] [INFO]: ----开始执行测试----
[2021-04-06 14:53:14,842] [INFO]: 创建chrome浏览器
[2021-04-06 14:53:16,030] [INFO]: 打开http://168.61.114.19:8888/login/
[2021-04-06 14:53:16,893] [INFO]: -----正在开始登陆数据中台-----
[2021-04-06 14:53:16,893] [INFO]: 在('xpath', "//input[@type='text']")元素上输入K1081222
[2021-04-06 14:53:17,523] [INFO]: 在('xpath', "//input[@type='password']")元素上输入ht123456
[2021-04-06 14:53:17,829] [INFO]: 点击('xpath', "//button[@type='button']")元素
[2021-04-06 14:53:18,081] [INFO]: 
[2021-04-06 14:53:21,186] [INFO]: ----正在前往数据资产首页-----
[2021-04-06 14:53:21,186] [INFO]: 点击('xpath', "//a[@href='#/damp/index'][text()='数据资产']")元素
[2021-04-06 14:53:22,120] [INFO]: ---进入数据资产二级页面-----
[2021-04-06 14:53:22,120] [INFO]: 点击('xpath', "//span[@class='damp-input-group-addon']/button")元素
[2021-04-06 14:53:25,091] [INFO]: ---搜索数据表---
[2021-04-06 14:53:25,091] [INFO]: 点击('xpath', "//div[@class='index_list_header__3Scjx']/div/a")元素
[2021-04-06 14:53:26,646] [INFO]: 在('xpath', "//div[@class='index_search_input__hysZn']//input")元素上输入damp_data_asset
[2021-04-06 14:53:29,101] [INFO]: 点击('xpath', "//div[@id='search_input']//button")元素
[2021-04-06 14:53:34,264] [INFO]: ---查看表详情---
[2021-04-06 14:53:34,264] [INFO]: 点击('xpath', "//div[@class='damp-table-body']//td/a")元素
[2021-04-06 14:53:44,514] [INFO]: 切换页签
[2021-04-06 14:53:44,553] [INFO]: ---前往数据源登记页面---
[2021-04-06 14:53:44,553] [INFO]: 点击('xpath', "//div[@class='damp-menu-submenu-title']//span[text()='数据源管理']")元素
[2021-04-06 14:53:54,787] [INFO]: 点击('xpath', "//a[@href='#/damp/thirdpage/registerData']")元素
[2021-04-06 14:53:55,338] [INFO]: 点击('xpath', "//div[@class='damp-table-body']//tr[1]/td/div/a[1]")元素
[2021-04-06 14:54:25,280] [INFO]: 点击('xpath', "//ul/li/a[text()='工作台']")元素
[2021-04-06 14:54:48,703] [INFO]: ----结束测试-----
[2021-04-06 15:48:51,296] [INFO]: ----开始执行测试----
[2021-04-06 15:48:55,718] [INFO]: 创建chrome浏览器
[2021-04-06 15:48:56,937] [INFO]: 打开http://168.61.114.19:8888/login/
[2021-04-06 15:48:57,790] [INFO]: -----正在开始登陆数据中台-----
[2021-04-06 15:48:57,790] [INFO]: 在('xpath', "//input[@type='text']")元素上输入K1081222
[2021-04-06 15:48:58,502] [INFO]: 在('xpath', "//input[@type='password']")元素上输入ht123456
[2021-04-06 15:48:59,000] [INFO]: 点击('xpath', "//button[@type='button']")元素
[2021-04-06 15:48:59,274] [INFO]: 
[2021-04-06 15:49:03,354] [INFO]: ----正在前往数据资产首页-----
[2021-04-06 15:49:03,355] [INFO]: 点击('xpath', "//a[@href='#/damp/index'][text()='数据资产']")元素
[2021-04-06 15:49:04,369] [INFO]: ---进入数据资产二级页面-----
[2021-04-06 15:49:04,370] [INFO]: 点击('xpath', "//span[@class='damp-input-group-addon']/button")元素
[2021-04-06 15:49:08,197] [INFO]: ---搜索数据表---
[2021-04-06 15:49:08,198] [INFO]: 点击('xpath', "//div[@class='index_list_header__3Scjx']/div/a")元素
[2021-04-06 15:49:10,741] [INFO]: 在('xpath', "//div[@class='index_search_input__hysZn']//input")元素上输入damp_data_asset
[2021-04-06 15:49:13,234] [INFO]: 点击('xpath', "//div[@id='search_input']//button")元素
[2021-04-06 15:49:18,441] [INFO]: ---查看表详情---
[2021-04-06 15:49:18,441] [INFO]: 点击('xpath', "//div[@class='damp-table-body']//td/a")元素
[2021-04-06 15:49:28,752] [INFO]: 切换页签
[2021-04-06 15:49:28,806] [INFO]: ---前往数据源登记页面---
[2021-04-06 15:49:28,806] [INFO]: 点击('xpath', "//div[@class='damp-menu-submenu-title']//span[text()='数据源管理']")元素
[2021-04-06 15:49:39,146] [INFO]: 点击('xpath', "//a[@href='#/damp/thirdpage/registerData']")元素
[2021-04-06 15:49:39,944] [INFO]: 点击('xpath', "//div[@class='damp-table-body']//tr[1]/td/div/a[1]")元素
[2021-04-06 15:50:07,303] [INFO]: 点击('xpath', "//ul/li/a[text()='工作台']")元素
[2021-04-06 15:50:30,885] [INFO]: ----结束测试-----
